<?xml version="1.0" encoding="UTF-8"?>
<testng-results skipped="0" failed="0" ignored="0" total="1" passed="1">
  <reporter-output>
  </reporter-output>
  <suite name="Default suite" duration-ms="16257" started-at="2022-02-05T20:11:26 IST" finished-at="2022-02-05T20:11:42 IST">
    <groups>
    </groups>
    <test name="Default test" duration-ms="16257" started-at="2022-02-05T20:11:26 IST" finished-at="2022-02-05T20:11:42 IST">
      <class name="challange.Challange3Test">
        <test-method status="PASS" signature="verifyHigherPriceIteminCart()[pri:0, instance:challange.Challange3Test@1b26f7b2]" name="verifyHigherPriceIteminCart" duration-ms="16218" started-at="2022-02-05T20:11:26 IST" finished-at="2022-02-05T20:11:42 IST">
          <reporter-output>
          </reporter-output>
        </test-method> <!-- verifyHigherPriceIteminCart -->
      </class> <!-- challange.Challange3Test -->
    </test> <!-- Default test -->
  </suite> <!-- Default suite -->
</testng-results>
